{
  "RSpec": {
    "coverage": {
      "/home/zay/Dev/sporf/app/helpers/application_helper.rb": [
        1,
        1,
        0,
        null,
        null,
        1,
        0,
        0,
        null,
        null
      ],
      "/home/zay/Dev/sporf/app/helpers/articles_helper.rb": [
        1,
        1,
        0,
        0,
        0,
        null,
        0,
        null,
        null,
        null,
        1,
        0,
        null,
        null,
        1,
        0,
        null,
        0,
        null,
        null,
        null,
        1,
        0,
        0,
        null,
        null,
        1,
        0,
        null,
        null
      ],
      "/home/zay/Dev/sporf/app/helpers/categories_helper.rb": [
        1,
        null
      ],
      "/home/zay/Dev/sporf/app/helpers/sessions_helper.rb": [
        1,
        1,
        1,
        null,
        null,
        1,
        5,
        null,
        null,
        1,
        3,
        null,
        null,
        1,
        0,
        0,
        null,
        null,
        1,
        0,
        null,
        null,
        1,
        0,
        0,
        null,
        null,
        1,
        0,
        null,
        null,
        1,
        0,
        null,
        0,
        0,
        null,
        null
      ],
      "/home/zay/Dev/sporf/app/helpers/tags_helper.rb": [
        1,
        null
      ],
      "/home/zay/Dev/sporf/app/helpers/users_helper.rb": [
        1,
        1,
        1,
        null,
        null
      ],
      "/home/zay/Dev/sporf/app/helpers/votes_helper.rb": [
        1,
        null
      ],
      "/home/zay/Dev/sporf/app/controllers/tags_controller.rb": [
        1,
        1,
        0,
        null,
        null,
        1,
        0,
        null,
        null
      ],
      "/home/zay/Dev/sporf/app/controllers/application_controller.rb": [
        1,
        1,
        null,
        1,
        null,
        1,
        1,
        null,
        0,
        0,
        0,
        null,
        null
      ],
      "/home/zay/Dev/sporf/app/models/article.rb": [
        1,
        1,
        1,
        1,
        1,
        null,
        1,
        null,
        1,
        0,
        0,
        null,
        null,
        null,
        null,
        null,
        null,
        null,
        null,
        null,
        null,
        null,
        null,
        null,
        1,
        1,
        1,
        0,
        null,
        null,
        1,
        0,
        0,
        0,
        null,
        null
      ],
      "/home/zay/Dev/sporf/app/models/application_record.rb": [
        1,
        1,
        null
      ],
      "/home/zay/Dev/sporf/app/models/category.rb": [
        1,
        1,
        null,
        1,
        0,
        null,
        null,
        1,
        null
      ],
      "/home/zay/Dev/sporf/app/models/tag.rb": [
        1,
        1,
        1,
        1,
        0,
        null,
        null
      ],
      "/home/zay/Dev/sporf/app/models/tagging.rb": [
        1,
        1,
        1,
        null
      ],
      "/home/zay/Dev/sporf/app/models/user.rb": [
        1,
        1,
        1,
        1,
        null,
        1,
        null
      ],
      "/home/zay/Dev/sporf/app/models/vote.rb": [
        1,
        1,
        1,
        null,
        1,
        0,
        null,
        null,
        null
      ],
      "/home/zay/Dev/sporf/app/controllers/users_controller.rb": [
        1,
        1,
        null,
        1,
        null,
        1,
        1,
        null,
        null,
        1,
        1,
        null,
        null,
        1,
        1,
        1,
        1,
        1,
        1,
        null,
        0,
        null,
        null,
        null,
        1,
        0,
        null,
        null,
        1,
        null,
        1,
        null,
        1,
        null,
        1,
        1,
        null,
        null,
        1,
        0,
        null,
        null
      ],
      "/home/zay/Dev/sporf/app/channels/application_cable/channel.rb": [
        0,
        0,
        0,
        0
      ],
      "/home/zay/Dev/sporf/app/channels/application_cable/connection.rb": [
        0,
        0,
        0,
        0
      ],
      "/home/zay/Dev/sporf/app/controllers/articles_controller.rb": [
        0,
        0,
        0,
        null,
        null,
        null,
        0,
        0,
        null,
        0,
        0,
        0,
        0,
        0,
        0,
        null,
        null,
        null,
        0,
        null,
        null,
        0,
        0,
        0,
        null,
        null,
        0,
        null,
        null,
        null,
        0,
        0,
        null,
        0,
        0,
        0,
        0,
        0,
        0,
        0,
        0,
        0,
        0,
        null,
        null,
        null,
        0,
        0,
        0,
        0,
        0,
        0,
        0,
        0,
        0,
        0,
        0,
        null,
        null,
        null,
        0,
        0,
        0,
        0,
        0,
        0,
        0,
        0,
        0,
        0,
        0,
        null,
        0,
        0,
        0,
        0,
        null,
        0,
        0,
        0,
        0,
        null,
        0,
        null,
        null,
        0,
        0,
        0,
        null,
        null,
        0,
        0,
        0,
        0
      ],
      "/home/zay/Dev/sporf/app/controllers/sessions_controller.rb": [
        0,
        0,
        null,
        0,
        0,
        0,
        0,
        0,
        0,
        0,
        0,
        0,
        0,
        null,
        0,
        0,
        0,
        0,
        0
      ],
      "/home/zay/Dev/sporf/app/controllers/categories_controller.rb": [
        0,
        0,
        0,
        0,
        null,
        null,
        0,
        0,
        0,
        null,
        null,
        null,
        0,
        null,
        null,
        0,
        0,
        0,
        null,
        null,
        0,
        null,
        null,
        null,
        0,
        0,
        null,
        0,
        0,
        0,
        0,
        0,
        0,
        0,
        0,
        0,
        0,
        null,
        null,
        null,
        0,
        0,
        0,
        0,
        0,
        0,
        0,
        0,
        0,
        0,
        0,
        null,
        null,
        null,
        0,
        0,
        0,
        0,
        0,
        0,
        0,
        0,
        0,
        0,
        0,
        null,
        0,
        null,
        null,
        0,
        0,
        0,
        null,
        null,
        0,
        0,
        0,
        null,
        0,
        0,
        0,
        0
      ],
      "/home/zay/Dev/sporf/app/controllers/votes_controller.rb": [
        0,
        0,
        0,
        null,
        0,
        0,
        0,
        0,
        0,
        0,
        0,
        0,
        null,
        0,
        0,
        0,
        0,
        0,
        0,
        0,
        0,
        null,
        0,
        null,
        0,
        0,
        0,
        null,
        0,
        0,
        0,
        null,
        0,
        0,
        0,
        0
      ],
      "/home/zay/Dev/sporf/app/jobs/application_job.rb": [
        0,
        0
      ],
      "/home/zay/Dev/sporf/app/mailers/application_mailer.rb": [
        0,
        0,
        0,
        0
      ]
    },
    "timestamp": 1606051139
  }
}
